<?xml version="1.0" encoding="UTF-8"?>
<!-- Generated by org.testng.reporters.JUnitReportReporter -->
<testsuite hostname="18291fade1b951b" failures="0" tests="1" name="com.ibm.fst.nopcomm.exercise.tests.LoginTest" time="3.056" errors="0" timestamp="3 Aug 2023 16:17:34 GMT">
  <testcase classname="com.ibm.fst.nopcomm.exercise.tests.LoginTest" name="verifyLoginFunctionality" time="3.056"/>
</testsuite> <!-- com.ibm.fst.nopcomm.exercise.tests.LoginTest -->
