<?xml version="1.0" encoding="UTF-8"?>
<!-- Generated by org.testng.reporters.JUnitReportReporter -->
<testsuite hostname="18291fade1b951b" failures="0" tests="1" name="com.ibm.fst.nopcomm.exercise.tests.CustomerSearchTest" time="6.658" errors="0" timestamp="3 Aug 2023 16:17:34 GMT">
  <testcase classname="com.ibm.fst.nopcomm.exercise.tests.CustomerSearchTest" name="verifyCustomerFunctionality" time="6.658"/>
</testsuite> <!-- com.ibm.fst.nopcomm.exercise.tests.CustomerSearchTest -->
